# JRE version: OpenJDK Runtime Environment Temurin-17.0.12+7 (17.0.12+7) (build 17.0.12+7)
# Java VM: OpenJDK 64-Bit Server VM Temurin-17.0.12+7 (17.0.12+7, mixed mode, emulated-client, tiered, compressed oops, compressed class ptrs, g1 gc, windows-amd64)
GC Precious Log:
 CPUs: 4 total, 4 available
 Memory: 3934M
 Large Page Support: Disabled
 NUMA Support: Disabled
 Compressed Oops: Enabled (32-bit)
 Heap Region Size: 1M
 Heap Min Capacity: 8M
 Heap Initial Capacity: 62M
 Heap Max Capacity: 1G
 Pre-touch: Disabled
 Parallel Workers: 4
 Concurrent Workers: 1
 Concurrent Refinement Workers: 4
 Periodic GC: Disabled
Heap:
 garbage-first heap   total 109568K, used 42637K [0x00000000c0000000, 0x0000000100000000)
  region size 1024K, 1 young (1024K), 0 survivors (0K)
 Metaspace       used 61497K, committed 62144K, reserved 1114112K
  class space    used 7738K, committed 8064K, reserved 1048576K
GC Heap History (20 events):
Event: 2120.689 GC heap after
{Heap after GC invocations=138 (full 87):
 garbage-first heap   total 109568K, used 42639K [0x00000000c0000000, 0x0000000100000000)
  region size 1024K, 0 young (0K), 0 survivors (0K)
 Metaspace       used 61497K, committed 62144K, reserved 1114112K
  class space    used 7738K, committed 8064K, reserved 1048576K
}
Event: 2131.720 GC heap before
{Heap before GC invocations=138 (full 87):
 garbage-first heap   total 109568K, used 42639K [0x00000000c0000000, 0x0000000100000000)
  region size 1024K, 1 young (1024K), 0 survivors (0K)
 Metaspace       used 61497K, committed 62144K, reserved 1114112K
  class space    used 7738K, committed 8064K, reserved 1048576K
}
Event: 2131.800 GC heap after
{Heap after GC invocations=139 (full 88):
 garbage-first heap   total 109568K, used 42639K [0x00000000c0000000, 0x0000000100000000)
  region size 1024K, 0 young (0K), 0 survivors (0K)
 Metaspace       used 61497K, committed 62144K, reserved 1114112K
  class space    used 7738K, committed 8064K, reserved 1048576K
}
Event: 2142.227 GC heap before
{Heap before GC invocations=139 (full 88):
 garbage-first heap   total 109568K, used 42639K [0x00000000c0000000, 0x0000000100000000)
  region size 1024K, 1 young (1024K), 0 survivors (0K)
 Metaspace       used 61497K, committed 62144K, reserved 1114112K
  class space    used 7738K, committed 8064K, reserved 1048576K
}
Event: 2142.306 GC heap after
{Heap after GC invocations=140 (full 89):
 garbage-first heap   total 109568K, used 42637K [0x00000000c0000000, 0x0000000100000000)
  region size 1024K, 0 young (0K), 0 survivors (0K)
 Metaspace       used 61497K, committed 62144K, reserved 1114112K
  class space    used 7738K, committed 8064K, reserved 1048576K
}
Event: 2155.002 GC heap before
{Heap before GC invocations=140 (full 89):
 garbage-first heap   total 109568K, used 42637K [0x00000000c0000000, 0x0000000100000000)
  region size 1024K, 1 young (1024K), 0 survivors (0K)
 Metaspace       used 61497K, committed 62144K, reserved 1114112K
  class space    used 7738K, committed 8064K, reserved 1048576K
}
Event: 2156.323 GC heap after
{Heap after GC invocations=141 (full 90):
 garbage-first heap   total 109568K, used 42637K [0x00000000c0000000, 0x0000000100000000)
  region size 1024K, 0 young (0K), 0 survivors (0K)
 Metaspace       used 61497K, committed 62144K, reserved 1114112K
  class space    used 7738K, committed 8064K, reserved 1048576K
}
Event: 2166.792 GC heap before
{Heap before GC invocations=141 (full 90):
 garbage-first heap   total 109568K, used 42637K [0x00000000c0000000, 0x0000000100000000)
  region size 1024K, 1 young (1024K), 0 survivors (0K)
 Metaspace       used 61497K, committed 62144K, reserved 1114112K
  class space    used 7738K, committed 8064K, reserved 1048576K
}
Event: 2167.959 GC heap after
{Heap after GC invocations=142 (full 91):
 garbage-first heap   total 109568K, used 42637K [0x00000000c0000000, 0x0000000100000000)
  region size 1024K, 0 young (0K), 0 survivors (0K)
 Metaspace       used 61497K, committed 62144K, reserved 1114112K
  class space    used 7738K, committed 8064K, reserved 1048576K
}
Event: 2178.606 GC heap before
{Heap before GC invocations=142 (full 91):
 garbage-first heap   total 109568K, used 42637K [0x00000000c0000000, 0x0000000100000000)
  region size 1024K, 1 young (1024K), 0 survivors (0K)
 Metaspace       used 61497K, committed 62144K, reserved 1114112K
  class space    used 7738K, committed 8064K, reserved 1048576K
}
Event: 2179.541 GC heap after
{Heap after GC invocations=143 (full 92):
 garbage-first heap   total 109568K, used 42637K [0x00000000c0000000, 0x0000000100000000)
  region size 1024K, 0 young (0K), 0 survivors (0K)
 Metaspace       used 61497K, committed 62144K, reserved 1114112K
  class space    used 7738K, committed 8064K, reserved 1048576K
}
Event: 2190.401 GC heap before
{Heap before GC invocations=143 (full 92):
 garbage-first heap   total 109568K, used 42637K [0x00000000c0000000, 0x0000000100000000)
  region size 1024K, 1 young (1024K), 0 survivors (0K)
 Metaspace       used 61497K, committed 62144K, reserved 1114112K
  class space    used 7738K, committed 8064K, reserved 1048576K
}
Event: 2191.505 GC heap after
{Heap after GC invocations=144 (full 93):
 garbage-first heap   total 109568K, used 42637K [0x00000000c0000000, 0x0000000100000000)
  region size 1024K, 0 young (0K), 0 survivors (0K)
 Metaspace       used 61497K, committed 62144K, reserved 1114112K
  class space    used 7738K, committed 8064K, reserved 1048576K
}
Event: 2201.978 GC heap before
{Heap before GC invocations=144 (full 93):
 garbage-first heap   total 109568K, used 42637K [0x00000000c0000000, 0x0000000100000000)
  region size 1024K, 1 young (1024K), 0 survivors (0K)
 Metaspace       used 61497K, committed 62144K, reserved 1114112K
  class space    used 7738K, committed 8064K, reserved 1048576K
}
Event: 2202.044 GC heap after
{Heap after GC invocations=145 (full 94):
 garbage-first heap   total 109568K, used 42637K [0x00000000c0000000, 0x0000000100000000)
  region size 1024K, 0 young (0K), 0 survivors (0K)
 Metaspace       used 61497K, committed 62144K, reserved 1114112K
  class space    used 7738K, committed 8064K, reserved 1048576K
}
Event: 2213.042 GC heap before
{Heap before GC invocations=145 (full 94):
 garbage-first heap   total 109568K, used 42637K [0x00000000c0000000, 0x0000000100000000)
  region size 1024K, 1 young (1024K), 0 survivors (0K)
 Metaspace       used 61497K, committed 62144K, reserved 1114112K
  class space    used 7738K, committed 8064K, reserved 1048576K
}
Event: 2213.911 GC heap after
{Heap after GC invocations=146 (full 95):
 garbage-first heap   total 109568K, used 42637K [0x00000000c0000000, 0x0000000100000000)
  region size 1024K, 0 young (0K), 0 survivors (0K)
 Metaspace       used 61497K, committed 62144K, reserved 1114112K
  class space    used 7738K, committed 8064K, reserved 1048576K
}
Event: 2226.653 GC heap before
{Heap before GC invocations=146 (full 95):
 garbage-first heap   total 109568K, used 42637K [0x00000000c0000000, 0x0000000100000000)
  region size 1024K, 1 young (1024K), 0 survivors (0K)
 Metaspace       used 61497K, committed 62144K, reserved 1114112K
  class space    used 7738K, committed 8064K, reserved 1048576K
}
Event: 2228.441 GC heap after
{Heap after GC invocations=147 (full 96):
 garbage-first heap   total 109568K, used 42637K [0x00000000c0000000, 0x0000000100000000)
  region size 1024K, 0 young (0K), 0 survivors (0K)
 Metaspace       used 61497K, committed 62144K, reserved 1114112K
  class space    used 7738K, committed 8064K, reserved 1048576K
}
Event: 2239.984 GC heap before
{Heap before GC invocations=147 (full 96):
 garbage-first heap   total 109568K, used 42637K [0x00000000c0000000, 0x0000000100000000)
  region size 1024K, 1 young (1024K), 0 survivors (0K)
 Metaspace       used 61497K, committed 62144K, reserved 1114112K
  class space    used 7738K, committed 8064K, reserved 1048576K
}

